STL translation to Solid Edge
Date: Friday,April 03,2020 08:47PM
Source File:D:\Augusto\Engineering\Catedras\Microcontroladores y Electrónica de Potencia\Proyecto Final\files\tibia_l.stl
Author: Unknown
Organization: Unknown
Source System: DEX

Hardware:
Processor: Intel(R) Core(TM) i7-6700HQ CPU @ 2.60GHz
Operating System: Windows 10
Installed Memory: 7.87 GB

Software Information:
Parasolid Version: 31.1.255
PSBodyshop Version: 31.1.110
Solid Edge Version: 220.00.00.104 x64

STL Import Options
Heal Mesh Faults:On
Make Base Feature:On
Enable Logging:On

Translation progress:
Translation process completed
Time required to translate:00 : 00 : 01
